<?xml version="1.0" encoding="UTF-8"?>
<coverage generated="1749209642885" clover="3.2.0">
  <project timestamp="1749209642885" name="All files">
    <metrics statements="21" coveredstatements="21" conditionals="26" coveredconditionals="25" methods="3" coveredmethods="3" elements="50" coveredelements="49" complexity="0" loc="21" ncloc="21" packages="1" files="2" classes="2"/>
    <file name="loyalty.js" path="D:\Projets\TP-Master\tp-tdd-fidelite\loyalty.js">
      <metrics statements="17" coveredstatements="17" conditionals="13" coveredconditionals="12" methods="2" coveredmethods="2"/>
      <line num="2" count="12" type="cond" truecount="2" falsecount="0"/>
      <line num="3" count="9" type="stmt"/>
      <line num="4" count="9" type="stmt"/>
      <line num="8" count="9" type="stmt"/>
      <line num="9" count="9" type="stmt"/>
      <line num="11" count="9" type="stmt"/>
      <line num="12" count="1010" type="cond" truecount="5" falsecount="0"/>
      <line num="13" count="2" type="stmt"/>
      <line num="14" count="1008" type="stmt"/>
      <line num="16" count="1008" type="cond" truecount="2" falsecount="0"/>
      <line num="17" count="507" type="stmt"/>
      <line num="18" count="501" type="cond" truecount="1" falsecount="1"/>
      <line num="19" count="501" type="stmt"/>
      <line num="22" count="9" type="cond" truecount="2" falsecount="0"/>
      <line num="23" count="2" type="stmt"/>
      <line num="25" count="9" type="stmt"/>
      <line num="28" count="1" type="stmt"/>
    </file>
    <file name="subscription.js" path="D:\Projets\TP-Master\tp-tdd-fidelite\subscription.js">
      <metrics statements="4" coveredstatements="4" conditionals="13" coveredconditionals="13" methods="1" coveredmethods="1"/>
      <line num="3" count="13" type="cond" truecount="8" falsecount="0"/>
      <line num="9" count="3" type="stmt"/>
      <line num="12" count="10" type="cond" truecount="5" falsecount="0"/>
      <line num="19" count="1" type="stmt"/>
    </file>
  </project>
</coverage>
