{"D:\\Projets\\TP-Master\\tp-tdd-fidelite\\loyalty.js": {"path":"D:\\Projets\\TP-Master\\tp-tdd-fidelite\\loyalty.js","statementMap":{"0":{"start":{"line":2,"column":2},"end":{"line":2,"column":37}},"1":{"start":{"line":2,"column":28},"end":{"line":2,"column":37}},"2":{"start":{"line":3,"column":26},"end":{"line":3,"column":52}},"3":{"start":{"line":4,"column":2},"end":{"line":4,"column":15}},"4":{"start":{"line":8,"column":14},"end":{"line":8,"column":15}},"5":{"start":{"line":9,"column":15},"end":{"line":9,"column":16}},"6":{"start":{"line":11,"column":2},"end":{"line":21,"column":3}},"7":{"start":{"line":12,"column":4},"end":{"line":13,"column":15}},"8":{"start":{"line":13,"column":6},"end":{"line":13,"column":15}},"9":{"start":{"line":14,"column":4},"end":{"line":14,"column":25}},"10":{"start":{"line":16,"column":4},"end":{"line":20,"column":5}},"11":{"start":{"line":17,"column":6},"end":{"line":17,"column":43}},"12":{"start":{"line":18,"column":11},"end":{"line":20,"column":5}},"13":{"start":{"line":19,"column":6},"end":{"line":19,"column":47}},"14":{"start":{"line":22,"column":2},"end":{"line":24,"column":3}},"15":{"start":{"line":23,"column":4},"end":{"line":23,"column":16}},"16":{"start":{"line":25,"column":2},"end":{"line":25,"column":27}},"17":{"start":{"line":28,"column":0},"end":{"line":28,"column":44}}},"fnMap":{"0":{"name":"calculateLoyaltyPoints","decl":{"start":{"line":1,"column":9},"end":{"line":1,"column":31}},"loc":{"start":{"line":1,"column":38},"end":{"line":5,"column":1}},"line":1},"1":{"name":"analyzeLoyaltyPoints","decl":{"start":{"line":7,"column":9},"end":{"line":7,"column":29}},"loc":{"start":{"line":7,"column":36},"end":{"line":26,"column":1}},"line":7}},"branchMap":{"0":{"loc":{"start":{"line":2,"column":2},"end":{"line":2,"column":37}},"type":"if","locations":[{"start":{"line":2,"column":2},"end":{"line":2,"column":37}},{"start":{},"end":{}}],"line":2},"1":{"loc":{"start":{"line":12,"column":4},"end":{"line":13,"column":15}},"type":"if","locations":[{"start":{"line":12,"column":4},"end":{"line":13,"column":15}},{"start":{},"end":{}}],"line":12},"2":{"loc":{"start":{"line":12,"column":8},"end":{"line":12,"column":75}},"type":"binary-expr","locations":[{"start":{"line":12,"column":8},"end":{"line":12,"column":39}},{"start":{"line":12,"column":43},"end":{"line":12,"column":58}},{"start":{"line":12,"column":62},"end":{"line":12,"column":75}}],"line":12},"3":{"loc":{"start":{"line":16,"column":4},"end":{"line":20,"column":5}},"type":"if","locations":[{"start":{"line":16,"column":4},"end":{"line":20,"column":5}},{"start":{"line":18,"column":11},"end":{"line":20,"column":5}}],"line":16},"4":{"loc":{"start":{"line":18,"column":11},"end":{"line":20,"column":5}},"type":"if","locations":[{"start":{"line":18,"column":11},"end":{"line":20,"column":5}},{"start":{},"end":{}}],"line":18},"5":{"loc":{"start":{"line":22,"column":2},"end":{"line":24,"column":3}},"type":"if","locations":[{"start":{"line":22,"column":2},"end":{"line":24,"column":3}},{"start":{},"end":{}}],"line":22}},"s":{"0":12,"1":3,"2":9,"3":9,"4":9,"5":9,"6":9,"7":1010,"8":2,"9":1008,"10":1008,"11":507,"12":501,"13":501,"14":9,"15":2,"16":9,"17":1},"f":{"0":12,"1":9},"b":{"0":[3,9],"1":[2,1008],"2":[1010,1008,1008],"3":[507,501],"4":[501,0],"5":[2,7]},"_coverageSchema":"1a1c01bbd47fc00a2c39e90264f33305004495a9","hash":"c7f2ebf6967da8282154d69b331291b141184a85"}
,"D:\\Projets\\TP-Master\\tp-tdd-fidelite\\subscription.js": {"path":"D:\\Projets\\TP-Master\\tp-tdd-fidelite\\subscription.js","statementMap":{"0":{"start":{"line":3,"column":2},"end":{"line":10,"column":3}},"1":{"start":{"line":9,"column":4},"end":{"line":9,"column":17}},"2":{"start":{"line":12,"column":2},"end":{"line":16,"column":31}},"3":{"start":{"line":21,"column":2},"end":{"line":23,"column":3}},"4":{"start":{"line":22,"column":4},"end":{"line":22,"column":33}},"5":{"start":{"line":26,"column":2},"end":{"line":28,"column":3}},"6":{"start":{"line":27,"column":4},"end":{"line":27,"column":34}},"7":{"start":{"line":30,"column":2},"end":{"line":32,"column":3}},"8":{"start":{"line":31,"column":4},"end":{"line":31,"column":25}},"9":{"start":{"line":34,"column":2},"end":{"line":36,"column":3}},"10":{"start":{"line":35,"column":4},"end":{"line":35,"column":27}},"11":{"start":{"line":38,"column":2},"end":{"line":40,"column":3}},"12":{"start":{"line":39,"column":4},"end":{"line":39,"column":28}},"13":{"start":{"line":42,"column":2},"end":{"line":44,"column":3}},"14":{"start":{"line":43,"column":4},"end":{"line":43,"column":24}},"15":{"start":{"line":46,"column":2},"end":{"line":48,"column":3}},"16":{"start":{"line":47,"column":4},"end":{"line":47,"column":19}},"17":{"start":{"line":50,"column":2},"end":{"line":50,"column":14}},"18":{"start":{"line":53,"column":0},"end":{"line":56,"column":2}}},"fnMap":{"0":{"name":"canRenewSubscription","decl":{"start":{"line":1,"column":9},"end":{"line":1,"column":29}},"loc":{"start":{"line":1,"column":57},"end":{"line":17,"column":1}},"line":1},"1":{"name":"getRenewalReason","decl":{"start":{"line":19,"column":9},"end":{"line":19,"column":25}},"loc":{"start":{"line":19,"column":53},"end":{"line":51,"column":1}},"line":19}},"branchMap":{"0":{"loc":{"start":{"line":3,"column":2},"end":{"line":10,"column":3}},"type":"if","locations":[{"start":{"line":3,"column":2},"end":{"line":10,"column":3}},{"start":{},"end":{}}],"line":3},"1":{"loc":{"start":{"line":3,"column":6},"end":{"line":8,"column":49}},"type":"binary-expr","locations":[{"start":{"line":3,"column":6},"end":{"line":3,"column":19}},{"start":{"line":4,"column":6},"end":{"line":4,"column":26}},{"start":{"line":5,"column":6},"end":{"line":5,"column":27}},{"start":{"line":6,"column":6},"end":{"line":6,"column":56}},{"start":{"line":7,"column":6},"end":{"line":7,"column":52}},{"start":{"line":8,"column":6},"end":{"line":8,"column":49}}],"line":3},"2":{"loc":{"start":{"line":12,"column":9},"end":{"line":16,"column":30}},"type":"binary-expr","locations":[{"start":{"line":12,"column":9},"end":{"line":12,"column":41}},{"start":{"line":13,"column":9},"end":{"line":13,"column":64}},{"start":{"line":14,"column":9},"end":{"line":14,"column":37}},{"start":{"line":15,"column":9},"end":{"line":15,"column":33}},{"start":{"line":16,"column":9},"end":{"line":16,"column":30}}],"line":12},"3":{"loc":{"start":{"line":21,"column":2},"end":{"line":23,"column":3}},"type":"if","locations":[{"start":{"line":21,"column":2},"end":{"line":23,"column":3}},{"start":{},"end":{}}],"line":21},"4":{"loc":{"start":{"line":21,"column":6},"end":{"line":21,"column":86}},"type":"binary-expr","locations":[{"start":{"line":21,"column":6},"end":{"line":21,"column":19}},{"start":{"line":21,"column":23},"end":{"line":21,"column":55}},{"start":{"line":21,"column":59},"end":{"line":21,"column":86}}],"line":21},"5":{"loc":{"start":{"line":26,"column":2},"end":{"line":28,"column":3}},"type":"if","locations":[{"start":{"line":26,"column":2},"end":{"line":28,"column":3}},{"start":{},"end":{}}],"line":26},"6":{"loc":{"start":{"line":26,"column":6},"end":{"line":26,"column":62}},"type":"binary-expr","locations":[{"start":{"line":26,"column":6},"end":{"line":26,"column":26}},{"start":{"line":26,"column":30},"end":{"line":26,"column":62}}],"line":26},"7":{"loc":{"start":{"line":30,"column":2},"end":{"line":32,"column":3}},"type":"if","locations":[{"start":{"line":30,"column":2},"end":{"line":32,"column":3}},{"start":{},"end":{}}],"line":30},"8":{"loc":{"start":{"line":30,"column":6},"end":{"line":30,"column":68}},"type":"binary-expr","locations":[{"start":{"line":30,"column":6},"end":{"line":30,"column":27}},{"start":{"line":30,"column":31},"end":{"line":30,"column":68}}],"line":30},"9":{"loc":{"start":{"line":34,"column":2},"end":{"line":36,"column":3}},"type":"if","locations":[{"start":{"line":34,"column":2},"end":{"line":36,"column":3}},{"start":{},"end":{}}],"line":34},"10":{"loc":{"start":{"line":38,"column":2},"end":{"line":40,"column":3}},"type":"if","locations":[{"start":{"line":38,"column":2},"end":{"line":40,"column":3}},{"start":{},"end":{}}],"line":38},"11":{"loc":{"start":{"line":42,"column":2},"end":{"line":44,"column":3}},"type":"if","locations":[{"start":{"line":42,"column":2},"end":{"line":44,"column":3}},{"start":{},"end":{}}],"line":42},"12":{"loc":{"start":{"line":46,"column":2},"end":{"line":48,"column":3}},"type":"if","locations":[{"start":{"line":46,"column":2},"end":{"line":48,"column":3}},{"start":{},"end":{}}],"line":46}},"s":{"0":1013,"1":3,"2":1010,"3":1018,"4":6,"5":1012,"6":501,"7":511,"8":6,"9":505,"10":1,"11":504,"12":168,"13":336,"14":167,"15":169,"16":34,"17":135,"18":1},"f":{"0":1013,"1":1018},"b":{"0":[3,1010],"1":[1013,1013,1012,1011,1010,1010],"2":[1010,507,505,337,170],"3":[6,1012],"4":[1018,1016,1013],"5":[501,511],"6":[1012,1012],"7":[6,505],"8":[511,507],"9":[1,504],"10":[168,336],"11":[167,169],"12":[34,135]},"_coverageSchema":"1a1c01bbd47fc00a2c39e90264f33305004495a9","hash":"80729bf9bd06487f68c56d09fd8569bc205eddcc"}
}
