TN:
SF:loyalty.js
FN:1,calculateLoyaltyPoints
FN:7,analyzeLoyaltyPoints
FNF:2
FNH:2
FNDA:12,calculateLoyaltyPoints
FNDA:9,analyzeLoyaltyPoints
DA:2,12
DA:3,9
DA:4,9
DA:8,9
DA:9,9
DA:11,9
DA:12,1010
DA:13,2
DA:14,1008
DA:16,1008
DA:17,507
DA:18,501
DA:19,501
DA:22,9
DA:23,2
DA:25,9
DA:28,1
LF:17
LH:17
BRDA:2,0,0,3
BRDA:2,0,1,9
BRDA:12,1,0,2
BRDA:12,1,1,1008
BRDA:12,2,0,1010
BRDA:12,2,1,1008
BRDA:12,2,2,1008
BRDA:16,3,0,507
BRDA:16,3,1,501
BRDA:18,4,0,501
BRDA:18,4,1,0
BRDA:22,5,0,2
BRDA:22,5,1,7
BRF:13
BRH:12
end_of_record
TN:
SF:subscription.js
FN:1,canRenewSubscription
FN:19,getRenewalReason
FNF:2
FNH:2
FNDA:1013,canRenewSubscription
FNDA:1018,getRenewalReason
DA:3,1013
DA:9,3
DA:12,1010
DA:21,1018
DA:22,6
DA:26,1012
DA:27,501
DA:30,511
DA:31,6
DA:34,505
DA:35,1
DA:38,504
DA:39,168
DA:42,336
DA:43,167
DA:46,169
DA:47,34
DA:50,135
DA:53,1
LF:19
LH:19
BRDA:3,0,0,3
BRDA:3,0,1,1010
BRDA:3,1,0,1013
BRDA:3,1,1,1013
BRDA:3,1,2,1012
BRDA:3,1,3,1011
BRDA:3,1,4,1010
BRDA:3,1,5,1010
BRDA:12,2,0,1010
BRDA:12,2,1,507
BRDA:12,2,2,505
BRDA:12,2,3,337
BRDA:12,2,4,170
BRDA:21,3,0,6
BRDA:21,3,1,1012
BRDA:21,4,0,1018
BRDA:21,4,1,1016
BRDA:21,4,2,1013
BRDA:26,5,0,501
BRDA:26,5,1,511
BRDA:26,6,0,1012
BRDA:26,6,1,1012
BRDA:30,7,0,6
BRDA:30,7,1,505
BRDA:30,8,0,511
BRDA:30,8,1,507
BRDA:34,9,0,1
BRDA:34,9,1,504
BRDA:38,10,0,168
BRDA:38,10,1,336
BRDA:42,11,0,167
BRDA:42,11,1,169
BRDA:46,12,0,34
BRDA:46,12,1,135
BRF:34
BRH:34
end_of_record
