TN:
SF:loyalty.js
FN:1,calculateLoyaltyPoints
FN:7,analyzeLoyaltyPoints
FNF:2
FNH:2
FNDA:12,calculateLoyaltyPoints
FNDA:9,analyzeLoyaltyPoints
DA:2,12
DA:3,9
DA:4,9
DA:8,9
DA:9,9
DA:11,9
DA:12,1010
DA:13,2
DA:14,1008
DA:16,1008
DA:17,507
DA:18,501
DA:19,501
DA:22,9
DA:23,2
DA:25,9
DA:28,1
LF:17
LH:17
BRDA:2,0,0,3
BRDA:2,0,1,9
BRDA:12,1,0,2
BRDA:12,1,1,1008
BRDA:12,2,0,1010
BRDA:12,2,1,1008
BRDA:12,2,2,1008
BRDA:16,3,0,507
BRDA:16,3,1,501
BRDA:18,4,0,501
BRDA:18,4,1,0
BRDA:22,5,0,2
BRDA:22,5,1,7
BRF:13
BRH:12
end_of_record
TN:
SF:subscription.js
FN:1,canRenewSubscription
FNF:1
FNH:1
FNDA:13,canRenewSubscription
DA:3,13
DA:9,3
DA:12,10
DA:19,1
LF:4
LH:4
BRDA:3,0,0,3
BRDA:3,0,1,10
BRDA:3,1,0,13
BRDA:3,1,1,13
BRDA:3,1,2,12
BRDA:3,1,3,11
BRDA:3,1,4,10
BRDA:3,1,5,10
BRDA:12,2,0,10
BRDA:12,2,1,7
BRDA:12,2,2,5
BRDA:12,2,3,4
BRDA:12,2,4,3
BRF:13
BRH:13
end_of_record
